LivroAndroidCap07-Canvas/app/build/outputs/logs/manifest-merger-debug-report.txt
-- Merging decision tree log ---
manifest
ADDED from src\main\AndroidManifest.xml:2:1-23:12
	package
		ADDED from src\main\AndroidManifest.xml:3:2-40
		INJECTED from src\main\AndroidManifest.xml
		INJECTED from src\main\AndroidManifest.xml
	xmlns:android
		ADDED from src\main\AndroidManifest.xml:2:11-69
application
ADDED from src\main\AndroidManifest.xml:4:2-20:16
	android:icon
		ADDED from src\main\AndroidManifest.xml:4:15-44
activity#br.livro.android.cap7.canvas.Menu
ADDED from src\main\AndroidManifest.xml:5:3-10:14
	android:label
		ADDED from src\main\AndroidManifest.xml:5:34-66
	android:theme
		ADDED from src\main\AndroidManifest.xml:5:67-109
	android:name
		ADDED from src\main\AndroidManifest.xml:5:13-33
intent-filter#android.intent.action.MAIN+android.intent.category.LAUNCHER
ADDED from src\main\AndroidManifest.xml:6:4-9:20
action#android.intent.action.MAIN
ADDED from src\main\AndroidManifest.xml:7:5-57
	android:name
		ADDED from src\main\AndroidManifest.xml:7:13-54
category#android.intent.category.LAUNCHER
ADDED from src\main\AndroidManifest.xml:8:5-65
	android:name
		ADDED from src\main\AndroidManifest.xml:8:15-62
activity#br.livro.android.cap7.canvas.view.ExemploTamanhoTela
ADDED from src\main\AndroidManifest.xml:11:3-84
	android:label
		ADDED from src\main\AndroidManifest.xml:11:53-81
	android:name
		ADDED from src\main\AndroidManifest.xml:11:13-52
activity#br.livro.android.cap7.canvas.view.ExemploRiverRaid
ADDED from src\main\AndroidManifest.xml:12:3-53
	android:name
		ADDED from src\main\AndroidManifest.xml:12:13-50
activity#br.livro.android.cap7.canvas.view.ExemploQuadrado
ADDED from src\main\AndroidManifest.xml:13:3-52
	android:name
		ADDED from src\main\AndroidManifest.xml:13:13-49
activity#br.livro.android.cap7.canvas.view.TeclasActivity
ADDED from src\main\AndroidManifest.xml:14:3-51
	android:name
		ADDED from src\main\AndroidManifest.xml:14:13-48
activity#br.livro.android.cap7.canvas.view.ExemploTextoNumerico
ADDED from src\main\AndroidManifest.xml:15:3-57
	android:name
		ADDED from src\main\AndroidManifest.xml:15:13-54
activity#br.livro.android.cap7.canvas.view.ExemploCanvasClipView
ADDED from src\main\AndroidManifest.xml:16:3-58
	android:name
		ADDED from src\main\AndroidManifest.xml:16:13-55
activity#br.livro.android.cap7.canvas.view.ExemploCanvasTranslateView
ADDED from src\main\AndroidManifest.xml:17:3-63
	android:name
		ADDED from src\main\AndroidManifest.xml:17:13-60
activity#br.livro.android.cap7.canvas.view.ExemploSurfaceView
ADDED from src\main\AndroidManifest.xml:18:3-55
	android:name
		ADDED from src\main\AndroidManifest.xml:18:13-52
activity#br.livro.android.cap7.canvas.touch.ExemploTouchScreen
ADDED from src\main\AndroidManifest.xml:19:3-84
	android:label
		ADDED from src\main\AndroidManifest.xml:19:54-81
	android:name
		ADDED from src\main\AndroidManifest.xml:19:13-53
uses-sdk
ADDED from src\main\AndroidManifest.xml:22:2-40
	android:targetSdkVersion
		INJECTED from src\main\AndroidManifest.xml
		INJECTED from src\main\AndroidManifest.xml
	android:minSdkVersion
		ADDED from src\main\AndroidManifest.xml:22:12-37
		INJECTED from src\main\AndroidManifest.xml
		INJECTED from src\main\AndroidManifest.xml